{
  "RSpec": {
    "coverage": {
      "/home/stellar-cyborg-2415/tic-tac-toe-rb-online-web-sp-000/lib/tic_tac_toe.rb": [
        1,
        null,
        2,
        null,
        2,
        null,
        18,
        5,
        null,
        null,
        null,
        null,
        2,
        null,
        null,
        null,
        1,
        null,
        1,
        1,
        null,
        0,
        null,
        null,
        null,
        null,
        null,
        null,
        null,
        null,
        null,
        null,
        null,
        null,
        null,
        null,
        1,
        72,
        null,
        null,
        null,
        null,
        1,
        null,
        null,
        null,
        null,
        null,
        null,
        null,
        null,
        null,
        1,
        10,
        66,
        3,
        63,
        1,
        null,
        null,
        null,
        null,
        null,
        1,
        10,
        null,
        10,
        58,
        null,
        null,
        10,
        6,
        null,
        4,
        null,
        null,
        null,
        1,
        null,
        6,
        2,
        null,
        4,
        null,
        null,
        null,
        null,
        1,
        3,
        2,
        null,
        null,
        null,
        1,
        null,
        30,
        null,
        3,
        1,
        2,
        null,
        null,
        1,
        null,
        null
      ]
    },
    "timestamp": 1590676382
  }
}
